# JRE version: OpenJDK Runtime Environment (21.0.5) (build 21.0.5+-13047016-b750.29)
# Java VM: OpenJDK 64-Bit Server VM (21.0.5+-13047016-b750.29, mixed mode, tiered, compressed oops, compressed class ptrs, g1 gc, windows-amd64)
GC Precious Log:
 CardTable entry size: 512
 Card Set container configuration: InlinePtr #cards 4 size 8 Array Of Cards #cards 32 size 80 Howl #buckets 8 coarsen threshold 7372 Howl Bitmap #cards 1024 size 144 coarsen threshold 921 Card regions per heap region 1 cards per card region 8192
 CPUs: 16 total, 16 available
 Memory: 7598M
 Large Page Support: Disabled
 NUMA Support: Disabled
 Compressed Oops: Enabled (Zero based)
 Heap Region Size: 4M
 Heap Min Capacity: 8M
 Heap Initial Capacity: 120M
 Heap Max Capacity: 6G
 Pre-touch: Disabled
 Parallel Workers: 13
 Concurrent Workers: 3
 Concurrent Refinement Workers: 13
 Periodic GC: Disabled
Heap:
 garbage-first heap   total 1040384K, used 470694K [0x0000000680000000, 0x0000000800000000)
  region size 4096K, 2 young (8192K), 2 survivors (8192K)
 Metaspace       used 137406K, committed 139840K, reserved 1179648K
  class space    used 19109K, committed 20352K, reserved 1048576K
GC Heap History (20 events):
Event: 25.645 GC heap after
{Heap after GC invocations=45 (full 0):
 garbage-first heap   total 446464K, used 198555K [0x0000000680000000, 0x0000000800000000)
  region size 4096K, 6 young (24576K), 6 survivors (24576K)
 Metaspace       used 123572K, committed 125888K, reserved 1179648K
  class space    used 17016K, committed 18176K, reserved 1048576K
}
Event: 25.968 GC heap before
{Heap before GC invocations=45 (full 0):
 garbage-first heap   total 446464K, used 350107K [0x0000000680000000, 0x0000000800000000)
  region size 4096K, 43 young (176128K), 6 survivors (24576K)
 Metaspace       used 123930K, committed 126208K, reserved 1179648K
  class space    used 17058K, committed 18240K, reserved 1048576K
}
Event: 26.052 GC heap after
{Heap after GC invocations=46 (full 0):
 garbage-first heap   total 446464K, used 224705K [0x0000000680000000, 0x0000000800000000)
  region size 4096K, 6 young (24576K), 6 survivors (24576K)
 Metaspace       used 123930K, committed 126208K, reserved 1179648K
  class space    used 17058K, committed 18240K, reserved 1048576K
}
Event: 26.318 GC heap before
{Heap before GC invocations=46 (full 0):
 garbage-first heap   total 446464K, used 363969K [0x0000000680000000, 0x0000000800000000)
  region size 4096K, 40 young (163840K), 6 survivors (24576K)
 Metaspace       used 124637K, committed 126976K, reserved 1179648K
  class space    used 17196K, committed 18368K, reserved 1048576K
}
Event: 26.373 GC heap after
{Heap after GC invocations=47 (full 0):
 garbage-first heap   total 446464K, used 253952K [0x0000000680000000, 0x0000000800000000)
  region size 4096K, 5 young (20480K), 5 survivors (20480K)
 Metaspace       used 124637K, committed 126976K, reserved 1179648K
  class space    used 17196K, committed 18368K, reserved 1048576K
}
Event: 27.191 GC heap before
{Heap before GC invocations=48 (full 0):
 garbage-first heap   total 446464K, used 376832K [0x0000000680000000, 0x0000000800000000)
  region size 4096K, 35 young (143360K), 5 survivors (20480K)
 Metaspace       used 126881K, committed 129216K, reserved 1179648K
  class space    used 17582K, committed 18752K, reserved 1048576K
}
Event: 27.288 GC heap after
{Heap after GC invocations=49 (full 0):
 garbage-first heap   total 446464K, used 279883K [0x0000000680000000, 0x0000000800000000)
  region size 4096K, 5 young (20480K), 5 survivors (20480K)
 Metaspace       used 126881K, committed 129216K, reserved 1179648K
  class space    used 17582K, committed 18752K, reserved 1048576K
}
Event: 27.485 GC heap before
{Heap before GC invocations=49 (full 0):
 garbage-first heap   total 446464K, used 386379K [0x0000000680000000, 0x0000000800000000)
  region size 4096K, 31 young (126976K), 5 survivors (20480K)
 Metaspace       used 127309K, committed 129664K, reserved 1179648K
  class space    used 17645K, committed 18816K, reserved 1048576K
}
Event: 27.537 GC heap after
{Heap after GC invocations=50 (full 0):
 garbage-first heap   total 446464K, used 299772K [0x0000000680000000, 0x0000000800000000)
  region size 4096K, 4 young (16384K), 4 survivors (16384K)
 Metaspace       used 127309K, committed 129664K, reserved 1179648K
  class space    used 17645K, committed 18816K, reserved 1048576K
}
Event: 27.679 GC heap before
{Heap before GC invocations=50 (full 0):
 garbage-first heap   total 446464K, used 393980K [0x0000000680000000, 0x0000000800000000)
  region size 4096K, 27 young (110592K), 4 survivors (16384K)
 Metaspace       used 127718K, committed 130112K, reserved 1179648K
  class space    used 17692K, committed 18880K, reserved 1048576K
}
Event: 27.720 GC heap after
{Heap after GC invocations=51 (full 0):
 garbage-first heap   total 1040384K, used 318364K [0x0000000680000000, 0x0000000800000000)
  region size 4096K, 4 young (16384K), 4 survivors (16384K)
 Metaspace       used 127718K, committed 130112K, reserved 1179648K
  class space    used 17692K, committed 18880K, reserved 1048576K
}
Event: 29.712 GC heap before
{Heap before GC invocations=52 (full 0):
 garbage-first heap   total 1040384K, used 785308K [0x0000000680000000, 0x0000000800000000)
  region size 4096K, 119 young (487424K), 4 survivors (16384K)
 Metaspace       used 130407K, committed 132736K, reserved 1179648K
  class space    used 18159K, committed 19328K, reserved 1048576K
}
Event: 30.287 GC heap after
{Heap after GC invocations=53 (full 0):
 garbage-first heap   total 1040384K, used 405197K [0x0000000680000000, 0x0000000800000000)
  region size 4096K, 15 young (61440K), 15 survivors (61440K)
 Metaspace       used 130407K, committed 132736K, reserved 1179648K
  class space    used 18159K, committed 19328K, reserved 1048576K
}
Event: 32.097 GC heap before
{Heap before GC invocations=53 (full 0):
 garbage-first heap   total 1040384K, used 782029K [0x0000000680000000, 0x0000000800000000)
  region size 4096K, 108 young (442368K), 15 survivors (61440K)
 Metaspace       used 136419K, committed 138816K, reserved 1179648K
  class space    used 19027K, committed 20224K, reserved 1048576K
}
Event: 32.528 GC heap after
{Heap after GC invocations=54 (full 0):
 garbage-first heap   total 1040384K, used 463112K [0x0000000680000000, 0x0000000800000000)
  region size 4096K, 14 young (57344K), 14 survivors (57344K)
 Metaspace       used 136419K, committed 138816K, reserved 1179648K
  class space    used 19027K, committed 20224K, reserved 1048576K
}
Event: 32.532 GC heap before
{Heap before GC invocations=54 (full 0):
 garbage-first heap   total 1040384K, used 467208K [0x0000000680000000, 0x0000000800000000)
  region size 4096K, 15 young (61440K), 14 survivors (57344K)
 Metaspace       used 136419K, committed 138816K, reserved 1179648K
  class space    used 19027K, committed 20224K, reserved 1048576K
}
Event: 32.661 GC heap after
{Heap after GC invocations=55 (full 0):
 garbage-first heap   total 1040384K, used 468510K [0x0000000680000000, 0x0000000800000000)
  region size 4096K, 2 young (8192K), 2 survivors (8192K)
 Metaspace       used 136419K, committed 138816K, reserved 1179648K
  class space    used 19027K, committed 20224K, reserved 1048576K
}
Event: 34.101 GC heap before
{Heap before GC invocations=55 (full 0):
 garbage-first heap   total 1040384K, used 779806K [0x0000000680000000, 0x0000000800000000)
  region size 4096K, 79 young (323584K), 2 survivors (8192K)
 Metaspace       used 137269K, committed 139648K, reserved 1179648K
  class space    used 19100K, committed 20288K, reserved 1048576K
}
Event: 34.141 GC heap after
{Heap after GC invocations=56 (full 0):
 garbage-first heap   total 1040384K, used 470078K [0x0000000680000000, 0x0000000800000000)
  region size 4096K, 2 young (8192K), 2 survivors (8192K)
 Metaspace       used 137269K, committed 139648K, reserved 1179648K
  class space    used 19100K, committed 20288K, reserved 1048576K
}
Event: 35.674 GC heap before
{Heap before GC invocations=56 (full 0):
 garbage-first heap   total 1040384K, used 908350K [0x0000000680000000, 0x0000000800000000)
  region size 4096K, 109 young (446464K), 2 survivors (8192K)
 Metaspace       used 137406K, committed 139840K, reserved 1179648K
  class space    used 19109K, committed 20352K, reserved 1048576K
}

