# JRE version: OpenJDK Runtime Environment (21.0.5) (build 21.0.5+-13047016-b750.29)
# Java VM: OpenJDK 64-Bit Server VM (21.0.5+-13047016-b750.29, mixed mode, tiered, compressed oops, compressed class ptrs, g1 gc, windows-amd64)
GC Precious Log:
 CardTable entry size: 512
 Card Set container configuration: InlinePtr #cards 5 size 8 Array Of Cards #cards 12 size 40 Howl #buckets 4 coarsen threshold 1843 Howl Bitmap #cards 512 size 80 coarsen threshold 460 Card regions per heap region 1 cards per card region 2048
 CPUs: 16 total, 16 available
 Memory: 7598M
 Large Page Support: Disabled
 NUMA Support: Disabled
 Compressed Oops: Enabled (32-bit)
 Heap Region Size: 1M
 Heap Min Capacity: 8M
 Heap Initial Capacity: 120M
 Heap Max Capacity: 2G
 Pre-touch: Disabled
 Parallel Workers: 13
 Concurrent Workers: 3
 Concurrent Refinement Workers: 13
 Periodic GC: Disabled
Heap:
 garbage-first heap   total 89088K, used 70129K [0x0000000080000000, 0x0000000100000000)
  region size 1024K, 48 young (49152K), 8 survivors (8192K)
 Metaspace       used 35071K, committed 35968K, reserved 1114112K
  class space    used 4689K, committed 5120K, reserved 1048576K
GC Heap History (10 events):
Event: 2.684 GC heap before
{Heap before GC invocations=0 (full 0):
 garbage-first heap   total 122880K, used 22528K [0x0000000080000000, 0x0000000100000000)
  region size 1024K, 23 young (23552K), 0 survivors (0K)
 Metaspace       used 8015K, committed 8128K, reserved 1114112K
  class space    used 712K, committed 768K, reserved 1048576K
}
Event: 2.699 GC heap after
{Heap after GC invocations=1 (full 0):
 garbage-first heap   total 122880K, used 3384K [0x0000000080000000, 0x0000000100000000)
  region size 1024K, 3 young (3072K), 3 survivors (3072K)
 Metaspace       used 8015K, committed 8128K, reserved 1114112K
  class space    used 712K, committed 768K, reserved 1048576K
}
Event: 6.134 GC heap before
{Heap before GC invocations=1 (full 0):
 garbage-first heap   total 122880K, used 38200K [0x0000000080000000, 0x0000000100000000)
  region size 1024K, 35 young (35840K), 3 survivors (3072K)
 Metaspace       used 12237K, committed 12416K, reserved 1114112K
  class space    used 1280K, committed 1408K, reserved 1048576K
}
Event: 6.154 GC heap after
{Heap after GC invocations=2 (full 0):
 garbage-first heap   total 122880K, used 11508K [0x0000000080000000, 0x0000000100000000)
  region size 1024K, 5 young (5120K), 5 survivors (5120K)
 Metaspace       used 12237K, committed 12416K, reserved 1114112K
  class space    used 1280K, committed 1408K, reserved 1048576K
}
Event: 8.014 GC heap before
{Heap before GC invocations=2 (full 0):
 garbage-first heap   total 122880K, used 53492K [0x0000000080000000, 0x0000000100000000)
  region size 1024K, 45 young (46080K), 5 survivors (5120K)
 Metaspace       used 12408K, committed 12672K, reserved 1114112K
  class space    used 1296K, committed 1408K, reserved 1048576K
}
Event: 8.040 GC heap after
{Heap after GC invocations=3 (full 0):
 garbage-first heap   total 122880K, used 17196K [0x0000000080000000, 0x0000000100000000)
  region size 1024K, 5 young (5120K), 5 survivors (5120K)
 Metaspace       used 12408K, committed 12672K, reserved 1114112K
  class space    used 1296K, committed 1408K, reserved 1048576K
}
Event: 12.928 GC heap before
{Heap before GC invocations=3 (full 0):
 garbage-first heap   total 122880K, used 46892K [0x0000000080000000, 0x0000000100000000)
  region size 1024K, 35 young (35840K), 5 survivors (5120K)
 Metaspace       used 21210K, committed 21504K, reserved 1114112K
  class space    used 2417K, committed 2560K, reserved 1048576K
}
Event: 12.939 GC heap after
{Heap after GC invocations=4 (full 0):
 garbage-first heap   total 122880K, used 20985K [0x0000000080000000, 0x0000000100000000)
  region size 1024K, 9 young (9216K), 9 survivors (9216K)
 Metaspace       used 21210K, committed 21504K, reserved 1114112K
  class space    used 2417K, committed 2560K, reserved 1048576K
}
Event: 22.751 GC heap before
{Heap before GC invocations=5 (full 0):
 garbage-first heap   total 75776K, used 73209K [0x0000000080000000, 0x0000000100000000)
  region size 1024K, 61 young (62464K), 9 survivors (9216K)
 Metaspace       used 29908K, committed 30528K, reserved 1114112K
  class space    used 3805K, committed 4096K, reserved 1048576K
}
Event: 22.772 GC heap after
{Heap after GC invocations=6 (full 0):
 garbage-first heap   total 89088K, used 24049K [0x0000000080000000, 0x0000000100000000)
  region size 1024K, 8 young (8192K), 8 survivors (8192K)
 Metaspace       used 29908K, committed 30528K, reserved 1114112K
  class space    used 3805K, committed 4096K, reserved 1048576K
}

