# JRE version: OpenJDK Runtime Environment (21.0.5) (build 21.0.5+-13047016-b750.29)
# Java VM: OpenJDK 64-Bit Server VM (21.0.5+-13047016-b750.29, mixed mode, tiered, compressed oops, compressed class ptrs, g1 gc, windows-amd64)
GC Precious Log:
 CardTable entry size: 512
 Card Set container configuration: InlinePtr #cards 5 size 8 Array Of Cards #cards 12 size 40 Howl #buckets 4 coarsen threshold 1843 Howl Bitmap #cards 512 size 80 coarsen threshold 460 Card regions per heap region 1 cards per card region 2048
 CPUs: 16 total, 16 available
 Memory: 7598M
 Large Page Support: Disabled
 NUMA Support: Disabled
 Compressed Oops: Enabled (32-bit)
 Heap Region Size: 1M
 Heap Min Capacity: 8M
 Heap Initial Capacity: 120M
 Heap Max Capacity: 2G
 Pre-touch: Disabled
 Parallel Workers: 13
 Concurrent Workers: 3
 Concurrent Refinement Workers: 13
 Periodic GC: Disabled
Heap:
 garbage-first heap   total 83968K, used 45565K [0x0000000080000000, 0x0000000100000000)
  region size 1024K, 11 young (11264K), 4 survivors (4096K)
 Metaspace       used 35517K, committed 36480K, reserved 1114112K
  class space    used 4758K, committed 5248K, reserved 1048576K
GC Heap History (14 events):
Event: 2.670 GC heap before
{Heap before GC invocations=0 (full 0):
 garbage-first heap   total 122880K, used 22528K [0x0000000080000000, 0x0000000100000000)
  region size 1024K, 23 young (23552K), 0 survivors (0K)
 Metaspace       used 8013K, committed 8128K, reserved 1114112K
  class space    used 712K, committed 768K, reserved 1048576K
}
Event: 2.685 GC heap after
{Heap after GC invocations=1 (full 0):
 garbage-first heap   total 122880K, used 3488K [0x0000000080000000, 0x0000000100000000)
  region size 1024K, 3 young (3072K), 3 survivors (3072K)
 Metaspace       used 8013K, committed 8128K, reserved 1114112K
  class space    used 712K, committed 768K, reserved 1048576K
}
Event: 6.178 GC heap before
{Heap before GC invocations=1 (full 0):
 garbage-first heap   total 122880K, used 38304K [0x0000000080000000, 0x0000000100000000)
  region size 1024K, 35 young (35840K), 3 survivors (3072K)
 Metaspace       used 12255K, committed 12480K, reserved 1114112K
  class space    used 1280K, committed 1408K, reserved 1048576K
}
Event: 6.201 GC heap after
{Heap after GC invocations=2 (full 0):
 garbage-first heap   total 122880K, used 11403K [0x0000000080000000, 0x0000000100000000)
  region size 1024K, 5 young (5120K), 5 survivors (5120K)
 Metaspace       used 12255K, committed 12480K, reserved 1114112K
  class space    used 1280K, committed 1408K, reserved 1048576K
}
Event: 7.818 GC heap before
{Heap before GC invocations=2 (full 0):
 garbage-first heap   total 122880K, used 54411K [0x0000000080000000, 0x0000000100000000)
  region size 1024K, 45 young (46080K), 5 survivors (5120K)
 Metaspace       used 12398K, committed 12608K, reserved 1114112K
  class space    used 1294K, committed 1408K, reserved 1048576K
}
Event: 7.883 GC heap after
{Heap after GC invocations=3 (full 0):
 garbage-first heap   total 122880K, used 16070K [0x0000000080000000, 0x0000000100000000)
  region size 1024K, 4 young (4096K), 4 survivors (4096K)
 Metaspace       used 12398K, committed 12608K, reserved 1114112K
  class space    used 1294K, committed 1408K, reserved 1048576K
}
Event: 12.739 GC heap before
{Heap before GC invocations=3 (full 0):
 garbage-first heap   total 122880K, used 45766K [0x0000000080000000, 0x0000000100000000)
  region size 1024K, 34 young (34816K), 4 survivors (4096K)
 Metaspace       used 21177K, committed 21504K, reserved 1114112K
  class space    used 2411K, committed 2560K, reserved 1048576K
}
Event: 12.756 GC heap after
{Heap after GC invocations=4 (full 0):
 garbage-first heap   total 122880K, used 20393K [0x0000000080000000, 0x0000000100000000)
  region size 1024K, 9 young (9216K), 9 survivors (9216K)
 Metaspace       used 21177K, committed 21504K, reserved 1114112K
  class space    used 2411K, committed 2560K, reserved 1048576K
}
Event: 21.457 GC heap before
{Heap before GC invocations=5 (full 0):
 garbage-first heap   total 71680K, used 70569K [0x0000000080000000, 0x0000000100000000)
  region size 1024K, 58 young (59392K), 9 survivors (9216K)
 Metaspace       used 29432K, committed 29952K, reserved 1114112K
  class space    used 3727K, committed 3968K, reserved 1048576K
}
Event: 21.665 GC heap after
{Heap after GC invocations=6 (full 0):
 garbage-first heap   total 83968K, used 23392K [0x0000000080000000, 0x0000000100000000)
  region size 1024K, 7 young (7168K), 7 survivors (7168K)
 Metaspace       used 29432K, committed 29952K, reserved 1114112K
  class space    used 3727K, committed 3968K, reserved 1048576K
}
Event: 28.678 GC heap before
{Heap before GC invocations=6 (full 0):
 garbage-first heap   total 83968K, used 66400K [0x0000000080000000, 0x0000000100000000)
  region size 1024K, 49 young (50176K), 7 survivors (7168K)
 Metaspace       used 35038K, committed 35904K, reserved 1114112K
  class space    used 4682K, committed 5120K, reserved 1048576K
}
Event: 28.691 GC heap after
{Heap after GC invocations=7 (full 0):
 garbage-first heap   total 83968K, used 26474K [0x0000000080000000, 0x0000000100000000)
  region size 1024K, 7 young (7168K), 7 survivors (7168K)
 Metaspace       used 35038K, committed 35904K, reserved 1114112K
  class space    used 4682K, committed 5120K, reserved 1048576K
}
Event: 29.019 GC heap before
{Heap before GC invocations=7 (full 0):
 garbage-first heap   total 83968K, used 34666K [0x0000000080000000, 0x0000000100000000)
  region size 1024K, 10 young (10240K), 7 survivors (7168K)
 Metaspace       used 35107K, committed 35968K, reserved 1114112K
  class space    used 4693K, committed 5120K, reserved 1048576K
}
Event: 29.027 GC heap after
{Heap after GC invocations=8 (full 0):
 garbage-first heap   total 83968K, used 33277K [0x0000000080000000, 0x0000000100000000)
  region size 1024K, 4 young (4096K), 4 survivors (4096K)
 Metaspace       used 35107K, committed 35968K, reserved 1114112K
  class space    used 4693K, committed 5120K, reserved 1048576K
}

