# JRE version: OpenJDK Runtime Environment (21.0.5) (build 21.0.5+-13047016-b750.29)
# Java VM: OpenJDK 64-Bit Server VM (21.0.5+-13047016-b750.29, mixed mode, tiered, compressed oops, compressed class ptrs, g1 gc, windows-amd64)
GC Precious Log:
 CardTable entry size: 512
 Card Set container configuration: InlinePtr #cards 4 size 8 Array Of Cards #cards 32 size 80 Howl #buckets 8 coarsen threshold 7372 Howl Bitmap #cards 1024 size 144 coarsen threshold 921 Card regions per heap region 1 cards per card region 8192
 CPUs: 16 total, 16 available
 Memory: 7598M
 Large Page Support: Disabled
 NUMA Support: Disabled
 Compressed Oops: Enabled (Zero based)
 Heap Region Size: 4M
 Heap Min Capacity: 8M
 Heap Initial Capacity: 120M
 Heap Max Capacity: 6G
 Pre-touch: Disabled
 Parallel Workers: 13
 Concurrent Workers: 3
 Concurrent Refinement Workers: 13
 Periodic GC: Disabled
Heap:
 garbage-first heap   total 950272K, used 494152K [0x0000000680000000, 0x0000000800000000)
  region size 4096K, 14 young (57344K), 14 survivors (57344K)
 Metaspace       used 247090K, committed 250368K, reserved 1310720K
  class space    used 31572K, committed 33216K, reserved 1048576K
GC Heap History (20 events):
Event: 373.121 GC heap after
{Heap after GC invocations=70 (full 0):
 garbage-first heap   total 528384K, used 283058K [0x0000000680000000, 0x0000000800000000)
  region size 4096K, 4 young (16384K), 4 survivors (16384K)
 Metaspace       used 228833K, committed 232064K, reserved 1310720K
  class space    used 28701K, committed 30336K, reserved 1048576K
}
Event: 374.783 GC heap before
{Heap before GC invocations=71 (full 0):
 garbage-first heap   total 528384K, used 475570K [0x0000000680000000, 0x0000000800000000)
  region size 4096K, 52 young (212992K), 4 survivors (16384K)
 Metaspace       used 228979K, committed 232192K, reserved 1310720K
  class space    used 28722K, committed 30336K, reserved 1048576K
}
Event: 374.803 GC heap after
{Heap after GC invocations=72 (full 0):
 garbage-first heap   total 528384K, used 282770K [0x0000000680000000, 0x0000000800000000)
  region size 4096K, 4 young (16384K), 4 survivors (16384K)
 Metaspace       used 228979K, committed 232192K, reserved 1310720K
  class space    used 28722K, committed 30336K, reserved 1048576K
}
Event: 376.227 GC heap before
{Heap before GC invocations=72 (full 0):
 garbage-first heap   total 528384K, used 475282K [0x0000000680000000, 0x0000000800000000)
  region size 4096K, 52 young (212992K), 4 survivors (16384K)
 Metaspace       used 232015K, committed 235200K, reserved 1310720K
  class space    used 29218K, committed 30848K, reserved 1048576K
}
Event: 376.298 GC heap after
{Heap after GC invocations=73 (full 0):
 garbage-first heap   total 540672K, used 309469K [0x0000000680000000, 0x0000000800000000)
  region size 4096K, 7 young (28672K), 7 survivors (28672K)
 Metaspace       used 232015K, committed 235200K, reserved 1310720K
  class space    used 29218K, committed 30848K, reserved 1048576K
}
Event: 376.813 GC heap before
{Heap before GC invocations=73 (full 0):
 garbage-first heap   total 540672K, used 477405K [0x0000000680000000, 0x0000000800000000)
  region size 4096K, 48 young (196608K), 7 survivors (28672K)
 Metaspace       used 233635K, committed 236800K, reserved 1310720K
  class space    used 29484K, committed 31104K, reserved 1048576K
}
Event: 376.877 GC heap after
{Heap after GC invocations=74 (full 0):
 garbage-first heap   total 540672K, used 343535K [0x0000000680000000, 0x0000000800000000)
  region size 4096K, 6 young (24576K), 6 survivors (24576K)
 Metaspace       used 233635K, committed 236800K, reserved 1310720K
  class space    used 29484K, committed 31104K, reserved 1048576K
}
Event: 377.494 GC heap before
{Heap before GC invocations=75 (full 0):
 garbage-first heap   total 573440K, used 486895K [0x0000000680000000, 0x0000000800000000)
  region size 4096K, 41 young (167936K), 6 survivors (24576K)
 Metaspace       used 234731K, committed 237888K, reserved 1310720K
  class space    used 29642K, committed 31232K, reserved 1048576K
}
Event: 377.543 GC heap after
{Heap after GC invocations=76 (full 0):
 garbage-first heap   total 573440K, used 370936K [0x0000000680000000, 0x0000000800000000)
  region size 4096K, 6 young (24576K), 6 survivors (24576K)
 Metaspace       used 234731K, committed 237888K, reserved 1310720K
  class space    used 29642K, committed 31232K, reserved 1048576K
}
Event: 377.930 GC heap before
{Heap before GC invocations=76 (full 0):
 garbage-first heap   total 573440K, used 514296K [0x0000000680000000, 0x0000000800000000)
  region size 4096K, 41 young (167936K), 6 survivors (24576K)
 Metaspace       used 236203K, committed 239360K, reserved 1310720K
  class space    used 29893K, committed 31488K, reserved 1048576K
}
Event: 377.995 GC heap after
{Heap after GC invocations=77 (full 0):
 garbage-first heap   total 950272K, used 397312K [0x0000000680000000, 0x0000000800000000)
  region size 4096K, 6 young (24576K), 6 survivors (24576K)
 Metaspace       used 236203K, committed 239360K, reserved 1310720K
  class space    used 29893K, committed 31488K, reserved 1048576K
}
Event: 379.825 GC heap before
{Heap before GC invocations=77 (full 0):
 garbage-first heap   total 950272K, used 790528K [0x0000000680000000, 0x0000000800000000)
  region size 4096K, 103 young (421888K), 6 survivors (24576K)
 Metaspace       used 242402K, committed 245632K, reserved 1310720K
  class space    used 31006K, committed 32640K, reserved 1048576K
}
Event: 380.006 GC heap after
{Heap after GC invocations=78 (full 0):
 garbage-first heap   total 950272K, used 435745K [0x0000000680000000, 0x0000000800000000)
  region size 4096K, 13 young (53248K), 13 survivors (53248K)
 Metaspace       used 242402K, committed 245632K, reserved 1310720K
  class space    used 31006K, committed 32640K, reserved 1048576K
}
Event: 381.365 GC heap before
{Heap before GC invocations=78 (full 0):
 garbage-first heap   total 950272K, used 693793K [0x0000000680000000, 0x0000000800000000)
  region size 4096K, 76 young (311296K), 13 survivors (53248K)
 Metaspace       used 244217K, committed 247488K, reserved 1310720K
  class space    used 31140K, committed 32768K, reserved 1048576K
}
Event: 381.430 GC heap after
{Heap after GC invocations=79 (full 0):
 garbage-first heap   total 950272K, used 447449K [0x0000000680000000, 0x0000000800000000)
  region size 4096K, 3 young (12288K), 3 survivors (12288K)
 Metaspace       used 244217K, committed 247488K, reserved 1310720K
  class space    used 31140K, committed 32768K, reserved 1048576K
}
Event: 382.939 GC heap before
{Heap before GC invocations=79 (full 0):
 garbage-first heap   total 950272K, used 820185K [0x0000000680000000, 0x0000000800000000)
  region size 4096K, 94 young (385024K), 3 survivors (12288K)
 Metaspace       used 245643K, committed 248896K, reserved 1310720K
  class space    used 31331K, committed 32960K, reserved 1048576K
}
Event: 382.970 GC heap after
{Heap after GC invocations=80 (full 0):
 garbage-first heap   total 950272K, used 443193K [0x0000000680000000, 0x0000000800000000)
  region size 4096K, 2 young (8192K), 2 survivors (8192K)
 Metaspace       used 245643K, committed 248896K, reserved 1310720K
  class space    used 31331K, committed 32960K, reserved 1048576K
}
Event: 384.662 GC heap before
{Heap before GC invocations=80 (full 0):
 garbage-first heap   total 950272K, used 844601K [0x0000000680000000, 0x0000000800000000)
  region size 4096K, 101 young (413696K), 2 survivors (8192K)
 Metaspace       used 246958K, committed 250240K, reserved 1310720K
  class space    used 31567K, committed 33216K, reserved 1048576K
}
Event: 384.778 GC heap after
{Heap after GC invocations=81 (full 0):
 garbage-first heap   total 950272K, used 457230K [0x0000000680000000, 0x0000000800000000)
  region size 4096K, 5 young (20480K), 5 survivors (20480K)
 Metaspace       used 246958K, committed 250240K, reserved 1310720K
  class space    used 31567K, committed 33216K, reserved 1048576K
}
Event: 386.365 GC heap before
{Heap before GC invocations=81 (full 0):
 garbage-first heap   total 950272K, used 866830K [0x0000000680000000, 0x0000000800000000)
  region size 4096K, 105 young (430080K), 5 survivors (20480K)
 Metaspace       used 247090K, committed 250368K, reserved 1310720K
  class space    used 31572K, committed 33216K, reserved 1048576K
}

