# JRE version: OpenJDK Runtime Environment (21.0.5) (build 21.0.5+-13047016-b750.29)
# Java VM: OpenJDK 64-Bit Server VM (21.0.5+-13047016-b750.29, mixed mode, tiered, compressed oops, compressed class ptrs, g1 gc, windows-amd64)
GC Precious Log:
 CardTable entry size: 512
 Card Set container configuration: InlinePtr #cards 4 size 8 Array Of Cards #cards 32 size 80 Howl #buckets 8 coarsen threshold 7372 Howl Bitmap #cards 1024 size 144 coarsen threshold 921 Card regions per heap region 1 cards per card region 8192
 CPUs: 16 total, 16 available
 Memory: 7598M
 Large Page Support: Disabled
 NUMA Support: Disabled
 Compressed Oops: Enabled (Zero based)
 Heap Region Size: 4M
 Heap Min Capacity: 8M
 Heap Initial Capacity: 120M
 Heap Max Capacity: 6G
 Pre-touch: Disabled
 Parallel Workers: 13
 Concurrent Workers: 3
 Concurrent Refinement Workers: 13
 Periodic GC: Disabled
Heap:
 garbage-first heap   total 835584K, used 483328K [0x0000000680000000, 0x0000000800000000)
  region size 4096K, 8 young (32768K), 8 survivors (32768K)
 Metaspace       used 152508K, committed 155200K, reserved 1245184K
  class space    used 20782K, committed 22144K, reserved 1048576K
GC Heap History (20 events):
Event: 211.374 GC heap after
{Heap after GC invocations=45 (full 0):
 garbage-first heap   total 344064K, used 211258K [0x0000000680000000, 0x0000000800000000)
  region size 4096K, 3 young (12288K), 3 survivors (12288K)
 Metaspace       used 137480K, committed 139968K, reserved 1179648K
  class space    used 18315K, committed 19584K, reserved 1048576K
}
Event: 212.672 GC heap before
{Heap before GC invocations=45 (full 0):
 garbage-first heap   total 344064K, used 301370K [0x0000000680000000, 0x0000000800000000)
  region size 4096K, 26 young (106496K), 3 survivors (12288K)
 Metaspace       used 138143K, committed 140672K, reserved 1179648K
  class space    used 18413K, committed 19712K, reserved 1048576K
}
Event: 212.704 GC heap after
{Heap after GC invocations=46 (full 0):
 garbage-first heap   total 413696K, used 221934K [0x0000000680000000, 0x0000000800000000)
  region size 4096K, 4 young (16384K), 4 survivors (16384K)
 Metaspace       used 138143K, committed 140672K, reserved 1179648K
  class space    used 18413K, committed 19712K, reserved 1048576K
}
Event: 213.070 GC heap before
{Heap before GC invocations=46 (full 0):
 garbage-first heap   total 413696K, used 258798K [0x0000000680000000, 0x0000000800000000)
  region size 4096K, 13 young (53248K), 4 survivors (16384K)
 Metaspace       used 138607K, committed 141120K, reserved 1179648K
  class space    used 18480K, committed 19776K, reserved 1048576K
}
Event: 213.102 GC heap after
{Heap after GC invocations=47 (full 0):
 garbage-first heap   total 413696K, used 220095K [0x0000000680000000, 0x0000000800000000)
  region size 4096K, 1 young (4096K), 1 survivors (4096K)
 Metaspace       used 138607K, committed 141120K, reserved 1179648K
  class space    used 18480K, committed 19776K, reserved 1048576K
}
Event: 213.859 GC heap before
{Heap before GC invocations=47 (full 0):
 garbage-first heap   total 413696K, used 367551K [0x0000000680000000, 0x0000000800000000)
  region size 4096K, 38 young (155648K), 1 survivors (4096K)
 Metaspace       used 140487K, committed 143040K, reserved 1179648K
  class space    used 18750K, committed 20032K, reserved 1048576K
}
Event: 213.882 GC heap after
{Heap after GC invocations=48 (full 0):
 garbage-first heap   total 413696K, used 246170K [0x0000000680000000, 0x0000000800000000)
  region size 4096K, 5 young (20480K), 5 survivors (20480K)
 Metaspace       used 140487K, committed 143040K, reserved 1179648K
  class space    used 18750K, committed 20032K, reserved 1048576K
}
Event: 214.347 GC heap before
{Heap before GC invocations=49 (full 0):
 garbage-first heap   total 417792K, used 356762K [0x0000000680000000, 0x0000000800000000)
  region size 4096K, 33 young (135168K), 5 survivors (20480K)
 Metaspace       used 141042K, committed 143552K, reserved 1179648K
  class space    used 18825K, committed 20096K, reserved 1048576K
}
Event: 214.369 GC heap after
{Heap after GC invocations=50 (full 0):
 garbage-first heap   total 417792K, used 268884K [0x0000000680000000, 0x0000000800000000)
  region size 4096K, 5 young (20480K), 5 survivors (20480K)
 Metaspace       used 141042K, committed 143552K, reserved 1179648K
  class space    used 18825K, committed 20096K, reserved 1048576K
}
Event: 215.376 GC heap before
{Heap before GC invocations=50 (full 0):
 garbage-first heap   total 417792K, used 363092K [0x0000000680000000, 0x0000000800000000)
  region size 4096K, 28 young (114688K), 5 survivors (20480K)
 Metaspace       used 145312K, committed 147968K, reserved 1179648K
  class space    used 19533K, committed 20864K, reserved 1048576K
}
Event: 215.392 GC heap after
{Heap after GC invocations=51 (full 0):
 garbage-first heap   total 417792K, used 278159K [0x0000000680000000, 0x0000000800000000)
  region size 4096K, 4 young (16384K), 4 survivors (16384K)
 Metaspace       used 145312K, committed 147968K, reserved 1179648K
  class space    used 19533K, committed 20864K, reserved 1048576K
}
Event: 215.615 GC heap before
{Heap before GC invocations=51 (full 0):
 garbage-first heap   total 417792K, used 368271K [0x0000000680000000, 0x0000000800000000)
  region size 4096K, 26 young (106496K), 4 survivors (16384K)
 Metaspace       used 145491K, committed 148096K, reserved 1179648K
  class space    used 19541K, committed 20864K, reserved 1048576K
}
Event: 215.670 GC heap after
{Heap after GC invocations=52 (full 0):
 garbage-first heap   total 835584K, used 285839K [0x0000000680000000, 0x0000000800000000)
  region size 4096K, 4 young (16384K), 4 survivors (16384K)
 Metaspace       used 145491K, committed 148096K, reserved 1179648K
  class space    used 19541K, committed 20864K, reserved 1048576K
}
Event: 216.216 GC heap before
{Heap before GC invocations=52 (full 0):
 garbage-first heap   total 835584K, used 486543K [0x0000000680000000, 0x0000000800000000)
  region size 4096K, 54 young (221184K), 4 survivors (16384K)
 Metaspace       used 146064K, committed 148736K, reserved 1179648K
  class space    used 19617K, committed 20992K, reserved 1048576K
}
Event: 216.300 GC heap after
{Heap after GC invocations=53 (full 0):
 garbage-first heap   total 835584K, used 326582K [0x0000000680000000, 0x0000000800000000)
  region size 4096K, 7 young (28672K), 7 survivors (28672K)
 Metaspace       used 146064K, committed 148736K, reserved 1179648K
  class space    used 19617K, committed 20992K, reserved 1048576K
}
Event: 217.537 GC heap before
{Heap before GC invocations=53 (full 0):
 garbage-first heap   total 835584K, used 629686K [0x0000000680000000, 0x0000000800000000)
  region size 4096K, 81 young (331776K), 7 survivors (28672K)
 Metaspace       used 149485K, committed 152128K, reserved 1179648K
  class space    used 20203K, committed 21568K, reserved 1048576K
}
Event: 217.744 GC heap after
{Heap after GC invocations=54 (full 0):
 garbage-first heap   total 835584K, used 386294K [0x0000000680000000, 0x0000000800000000)
  region size 4096K, 11 young (45056K), 11 survivors (45056K)
 Metaspace       used 149485K, committed 152128K, reserved 1179648K
  class space    used 20203K, committed 21568K, reserved 1048576K
}
Event: 218.487 GC heap before
{Heap before GC invocations=54 (full 0):
 garbage-first heap   total 835584K, used 652534K [0x0000000680000000, 0x0000000800000000)
  region size 4096K, 77 young (315392K), 11 survivors (45056K)
 Metaspace       used 151552K, committed 154176K, reserved 1245184K
  class space    used 20601K, committed 21952K, reserved 1048576K
}
Event: 218.802 GC heap after
{Heap after GC invocations=55 (full 0):
 garbage-first heap   total 835584K, used 439931K [0x0000000680000000, 0x0000000800000000)
  region size 4096K, 10 young (40960K), 10 survivors (40960K)
 Metaspace       used 151552K, committed 154176K, reserved 1245184K
  class space    used 20601K, committed 21952K, reserved 1048576K
}
Event: 220.022 GC heap before
{Heap before GC invocations=55 (full 0):
 garbage-first heap   total 835584K, used 636539K [0x0000000680000000, 0x0000000800000000)
  region size 4096K, 58 young (237568K), 10 survivors (40960K)
 Metaspace       used 152508K, committed 155200K, reserved 1245184K
  class space    used 20782K, committed 22144K, reserved 1048576K
}

