# JRE version: OpenJDK Runtime Environment (21.0.5) (build 21.0.5+-13047016-b750.29)
# Java VM: OpenJDK 64-Bit Server VM (21.0.5+-13047016-b750.29, mixed mode, tiered, compressed oops, compressed class ptrs, g1 gc, windows-amd64)
GC Precious Log:
 CardTable entry size: 512
 Card Set container configuration: InlinePtr #cards 4 size 8 Array Of Cards #cards 32 size 80 Howl #buckets 8 coarsen threshold 7372 Howl Bitmap #cards 1024 size 144 coarsen threshold 921 Card regions per heap region 1 cards per card region 8192
 CPUs: 16 total, 16 available
 Memory: 7598M
 Large Page Support: Disabled
 NUMA Support: Disabled
 Compressed Oops: Enabled (Zero based)
 Heap Region Size: 4M
 Heap Min Capacity: 8M
 Heap Initial Capacity: 120M
 Heap Max Capacity: 6G
 Pre-touch: Disabled
 Parallel Workers: 13
 Concurrent Workers: 3
 Concurrent Refinement Workers: 13
 Periodic GC: Disabled
Heap:
 garbage-first heap   total 1052672K, used 484305K [0x0000000680000000, 0x0000000800000000)
  region size 4096K, 16 young (65536K), 16 survivors (65536K)
 Metaspace       used 238428K, committed 241664K, reserved 1310720K
  class space    used 30488K, committed 32128K, reserved 1048576K
GC Heap History (20 events):
Event: 111.725 GC heap after
{Heap after GC invocations=59 (full 0):
 garbage-first heap   total 528384K, used 281443K [0x0000000680000000, 0x0000000800000000)
  region size 4096K, 3 young (12288K), 3 survivors (12288K)
 Metaspace       used 220551K, committed 223616K, reserved 1245184K
  class space    used 27689K, committed 29248K, reserved 1048576K
}
Event: 112.239 GC heap before
{Heap before GC invocations=60 (full 0):
 garbage-first heap   total 528384K, used 482147K [0x0000000680000000, 0x0000000800000000)
  region size 4096K, 53 young (217088K), 3 survivors (12288K)
 Metaspace       used 220556K, committed 223616K, reserved 1245184K
  class space    used 27689K, committed 29248K, reserved 1048576K
}
Event: 112.251 GC heap after
{Heap after GC invocations=61 (full 0):
 garbage-first heap   total 528384K, used 281915K [0x0000000680000000, 0x0000000800000000)
  region size 4096K, 3 young (12288K), 3 survivors (12288K)
 Metaspace       used 220556K, committed 223616K, reserved 1245184K
  class space    used 27689K, committed 29248K, reserved 1048576K
}
Event: 113.545 GC heap before
{Heap before GC invocations=61 (full 0):
 garbage-first heap   total 528384K, used 482619K [0x0000000680000000, 0x0000000800000000)
  region size 4096K, 53 young (217088K), 3 survivors (12288K)
 Metaspace       used 221175K, committed 224320K, reserved 1245184K
  class space    used 27791K, committed 29376K, reserved 1048576K
}
Event: 113.578 GC heap after
{Heap after GC invocations=62 (full 0):
 garbage-first heap   total 528384K, used 259258K [0x0000000680000000, 0x0000000800000000)
  region size 4096K, 4 young (16384K), 4 survivors (16384K)
 Metaspace       used 221175K, committed 224320K, reserved 1245184K
  class space    used 27791K, committed 29376K, reserved 1048576K
}
Event: 114.251 GC heap before
{Heap before GC invocations=62 (full 0):
 garbage-first heap   total 528384K, used 476346K [0x0000000680000000, 0x0000000800000000)
  region size 4096K, 58 young (237568K), 4 survivors (16384K)
 Metaspace       used 224389K, committed 227584K, reserved 1310720K
  class space    used 28342K, committed 29952K, reserved 1048576K
}
Event: 114.294 GC heap after
{Heap after GC invocations=63 (full 0):
 garbage-first heap   total 540672K, used 300923K [0x0000000680000000, 0x0000000800000000)
  region size 4096K, 8 young (32768K), 8 survivors (32768K)
 Metaspace       used 224389K, committed 227584K, reserved 1310720K
  class space    used 28342K, committed 29952K, reserved 1048576K
}
Event: 115.191 GC heap before
{Heap before GC invocations=64 (full 0):
 garbage-first heap   total 540672K, used 468859K [0x0000000680000000, 0x0000000800000000)
  region size 4096K, 50 young (204800K), 8 survivors (32768K)
 Metaspace       used 227286K, committed 230464K, reserved 1310720K
  class space    used 28746K, committed 30336K, reserved 1048576K
}
Event: 115.246 GC heap after
{Heap after GC invocations=65 (full 0):
 garbage-first heap   total 540672K, used 332812K [0x0000000680000000, 0x0000000800000000)
  region size 4096K, 7 young (28672K), 7 survivors (28672K)
 Metaspace       used 227286K, committed 230464K, reserved 1310720K
  class space    used 28746K, committed 30336K, reserved 1048576K
}
Event: 115.558 GC heap before
{Heap before GC invocations=65 (full 0):
 garbage-first heap   total 540672K, used 472076K [0x0000000680000000, 0x0000000800000000)
  region size 4096K, 42 young (172032K), 7 survivors (28672K)
 Metaspace       used 228773K, committed 231936K, reserved 1310720K
  class space    used 29040K, committed 30656K, reserved 1048576K
}
Event: 115.608 GC heap after
{Heap after GC invocations=66 (full 0):
 garbage-first heap   total 540672K, used 357237K [0x0000000680000000, 0x0000000800000000)
  region size 4096K, 6 young (24576K), 6 survivors (24576K)
 Metaspace       used 228773K, committed 231936K, reserved 1310720K
  class space    used 29040K, committed 30656K, reserved 1048576K
}
Event: 115.871 GC heap before
{Heap before GC invocations=66 (full 0):
 garbage-first heap   total 540672K, used 480117K [0x0000000680000000, 0x0000000800000000)
  region size 4096K, 36 young (147456K), 6 survivors (24576K)
 Metaspace       used 230895K, committed 234048K, reserved 1310720K
  class space    used 29418K, committed 31040K, reserved 1048576K
}
Event: 115.930 GC heap after
{Heap after GC invocations=67 (full 0):
 garbage-first heap   total 1052672K, used 377287K [0x0000000680000000, 0x0000000800000000)
  region size 4096K, 5 young (20480K), 5 survivors (20480K)
 Metaspace       used 230895K, committed 234048K, reserved 1310720K
  class space    used 29418K, committed 31040K, reserved 1048576K
}
Event: 118.141 GC heap before
{Heap before GC invocations=67 (full 0):
 garbage-first heap   total 1052672K, used 811463K [0x0000000680000000, 0x0000000800000000)
  region size 4096K, 112 young (458752K), 5 survivors (20480K)
 Metaspace       used 235568K, committed 238784K, reserved 1310720K
  class space    used 30072K, committed 31680K, reserved 1048576K
}
Event: 118.299 GC heap after
{Heap after GC invocations=68 (full 0):
 garbage-first heap   total 1052672K, used 407876K [0x0000000680000000, 0x0000000800000000)
  region size 4096K, 13 young (53248K), 13 survivors (53248K)
 Metaspace       used 235568K, committed 238784K, reserved 1310720K
  class space    used 30072K, committed 31680K, reserved 1048576K
}
Event: 119.886 GC heap before
{Heap before GC invocations=68 (full 0):
 garbage-first heap   total 1052672K, used 837956K [0x0000000680000000, 0x0000000800000000)
  region size 4096K, 119 young (487424K), 13 survivors (53248K)
 Metaspace       used 238092K, committed 241280K, reserved 1310720K
  class space    used 30450K, committed 32064K, reserved 1048576K
}
Event: 120.077 GC heap after
{Heap after GC invocations=69 (full 0):
 garbage-first heap   total 1052672K, used 426438K [0x0000000680000000, 0x0000000800000000)
  region size 4096K, 12 young (49152K), 12 survivors (49152K)
 Metaspace       used 238092K, committed 241280K, reserved 1310720K
  class space    used 30450K, committed 32064K, reserved 1048576K
}
Event: 120.978 GC heap before
{Heap before GC invocations=69 (full 0):
 garbage-first heap   total 1052672K, used 733638K [0x0000000680000000, 0x0000000800000000)
  region size 4096K, 87 young (356352K), 12 survivors (49152K)
 Metaspace       used 238362K, committed 241600K, reserved 1310720K
  class space    used 30489K, committed 32128K, reserved 1048576K
}
Event: 121.073 GC heap after
{Heap after GC invocations=70 (full 0):
 garbage-first heap   total 1052672K, used 450051K [0x0000000680000000, 0x0000000800000000)
  region size 4096K, 11 young (45056K), 11 survivors (45056K)
 Metaspace       used 238362K, committed 241600K, reserved 1310720K
  class space    used 30489K, committed 32128K, reserved 1048576K
}
Event: 123.164 GC heap before
{Heap before GC invocations=70 (full 0):
 garbage-first heap   total 1052672K, used 929283K [0x0000000680000000, 0x0000000800000000)
  region size 4096K, 128 young (524288K), 11 survivors (45056K)
 Metaspace       used 238428K, committed 241664K, reserved 1310720K
  class space    used 30488K, committed 32128K, reserved 1048576K
}

