# JRE version: OpenJDK Runtime Environment (21.0.5) (build 21.0.5+-13047016-b750.29)
# Java VM: OpenJDK 64-Bit Server VM (21.0.5+-13047016-b750.29, mixed mode, tiered, compressed oops, compressed class ptrs, g1 gc, windows-amd64)
GC Precious Log:
 CardTable entry size: 512
 Card Set container configuration: InlinePtr #cards 4 size 8 Array Of Cards #cards 32 size 80 Howl #buckets 8 coarsen threshold 7372 Howl Bitmap #cards 1024 size 144 coarsen threshold 921 Card regions per heap region 1 cards per card region 8192
 CPUs: 16 total, 16 available
 Memory: 7598M
 Large Page Support: Disabled
 NUMA Support: Disabled
 Compressed Oops: Enabled (Zero based)
 Heap Region Size: 4M
 Heap Min Capacity: 8M
 Heap Initial Capacity: 120M
 Heap Max Capacity: 6G
 Pre-touch: Disabled
 Parallel Workers: 13
 Concurrent Workers: 3
 Concurrent Refinement Workers: 13
 Periodic GC: Disabled
Heap:
 garbage-first heap   total 1212416K, used 422935K [0x0000000680000000, 0x0000000800000000)
  region size 4096K, 7 young (28672K), 7 survivors (28672K)
 Metaspace       used 268548K, committed 271936K, reserved 1310720K
  class space    used 34191K, committed 35904K, reserved 1048576K
GC Heap History (20 events):
Event: 54.758 GC heap after
{Heap after GC invocations=59 (full 0):
 garbage-first heap   total 1212416K, used 424066K [0x0000000680000000, 0x0000000800000000)
  region size 4096K, 1 young (4096K), 1 survivors (4096K)
 Metaspace       used 144945K, committed 147328K, reserved 1179648K
  class space    used 19496K, committed 20736K, reserved 1048576K
}
Event: 89.991 GC heap before
{Heap before GC invocations=59 (full 0):
 garbage-first heap   total 1212416K, used 948354K [0x0000000680000000, 0x0000000800000000)
  region size 4096K, 111 young (454656K), 1 survivors (4096K)
 Metaspace       used 163537K, committed 166080K, reserved 1245184K
  class space    used 21496K, committed 22784K, reserved 1048576K
}
Event: 90.204 GC heap after
{Heap after GC invocations=60 (full 0):
 garbage-first heap   total 1212416K, used 456903K [0x0000000680000000, 0x0000000800000000)
  region size 4096K, 6 young (24576K), 6 survivors (24576K)
 Metaspace       used 163537K, committed 166080K, reserved 1245184K
  class space    used 21496K, committed 22784K, reserved 1048576K
}
Event: 92.407 GC heap before
{Heap before GC invocations=60 (full 0):
 garbage-first heap   total 1212416K, used 563399K [0x0000000680000000, 0x0000000800000000)
  region size 4096K, 29 young (118784K), 6 survivors (24576K)
 Metaspace       used 170833K, committed 173568K, reserved 1245184K
  class space    used 22902K, committed 24256K, reserved 1048576K
}
Event: 92.441 GC heap after
{Heap after GC invocations=61 (full 0):
 garbage-first heap   total 1212416K, used 480919K [0x0000000680000000, 0x0000000800000000)
  region size 4096K, 3 young (12288K), 3 survivors (12288K)
 Metaspace       used 170833K, committed 173568K, reserved 1245184K
  class space    used 22902K, committed 24256K, reserved 1048576K
}
Event: 99.057 GC heap before
{Heap before GC invocations=61 (full 0):
 garbage-first heap   total 1212416K, used 845463K [0x0000000680000000, 0x0000000800000000)
  region size 4096K, 86 young (352256K), 3 survivors (12288K)
 Metaspace       used 206176K, committed 209280K, reserved 1245184K
  class space    used 27028K, committed 28608K, reserved 1048576K
}
Event: 99.264 GC heap after
{Heap after GC invocations=62 (full 0):
 garbage-first heap   total 1212416K, used 517646K [0x0000000680000000, 0x0000000800000000)
  region size 4096K, 10 young (40960K), 10 survivors (40960K)
 Metaspace       used 206176K, committed 209280K, reserved 1245184K
  class space    used 27028K, committed 28608K, reserved 1048576K
}
Event: 99.941 GC heap before
{Heap before GC invocations=62 (full 0):
 garbage-first heap   total 1212416K, used 542222K [0x0000000680000000, 0x0000000800000000)
  region size 4096K, 17 young (69632K), 10 survivors (40960K)
 Metaspace       used 209407K, committed 212544K, reserved 1245184K
  class space    used 27345K, committed 28928K, reserved 1048576K
}
Event: 100.144 GC heap after
{Heap after GC invocations=63 (full 0):
 garbage-first heap   total 1212416K, used 521913K [0x0000000680000000, 0x0000000800000000)
  region size 4096K, 2 young (8192K), 2 survivors (8192K)
 Metaspace       used 209407K, committed 212544K, reserved 1245184K
  class space    used 27345K, committed 28928K, reserved 1048576K
}
Event: 143.020 GC heap before
{Heap before GC invocations=64 (full 0):
 garbage-first heap   total 1212416K, used 591545K [0x0000000680000000, 0x0000000800000000)
  region size 4096K, 58 young (237568K), 2 survivors (8192K)
 Metaspace       used 225741K, committed 228928K, reserved 1310720K
  class space    used 29019K, committed 30656K, reserved 1048576K
}
Event: 143.413 GC heap after
{Heap after GC invocations=65 (full 0):
 garbage-first heap   total 1212416K, used 368032K [0x0000000680000000, 0x0000000800000000)
  region size 4096K, 3 young (12288K), 3 survivors (12288K)
 Metaspace       used 225741K, committed 228928K, reserved 1310720K
  class space    used 29019K, committed 30656K, reserved 1048576K
}
Event: 251.602 GC heap before
{Heap before GC invocations=65 (full 0):
 garbage-first heap   total 1212416K, used 1043872K [0x0000000680000000, 0x0000000800000000)
  region size 4096K, 167 young (684032K), 3 survivors (12288K)
 Metaspace       used 249865K, committed 253184K, reserved 1310720K
  class space    used 31917K, committed 33536K, reserved 1048576K
}
Event: 251.812 GC heap after
{Heap after GC invocations=66 (full 0):
 garbage-first heap   total 1212416K, used 386468K [0x0000000680000000, 0x0000000800000000)
  region size 4096K, 10 young (40960K), 10 survivors (40960K)
 Metaspace       used 249865K, committed 253184K, reserved 1310720K
  class space    used 31917K, committed 33536K, reserved 1048576K
}
Event: 255.054 GC heap before
{Heap before GC invocations=66 (full 0):
 garbage-first heap   total 1212416K, used 607652K [0x0000000680000000, 0x0000000800000000)
  region size 4096K, 64 young (262144K), 10 survivors (40960K)
 Metaspace       used 251089K, committed 254400K, reserved 1310720K
  class space    used 32008K, committed 33664K, reserved 1048576K
}
Event: 255.297 GC heap after
{Heap after GC invocations=67 (full 0):
 garbage-first heap   total 1212416K, used 396571K [0x0000000680000000, 0x0000000800000000)
  region size 4096K, 8 young (32768K), 8 survivors (32768K)
 Metaspace       used 251089K, committed 254400K, reserved 1310720K
  class space    used 32008K, committed 33664K, reserved 1048576K
}
Event: 256.509 GC heap before
{Heap before GC invocations=67 (full 0):
 garbage-first heap   total 1212416K, used 482587K [0x0000000680000000, 0x0000000800000000)
  region size 4096K, 30 young (122880K), 8 survivors (32768K)
 Metaspace       used 252455K, committed 255744K, reserved 1310720K
  class space    used 32090K, committed 33728K, reserved 1048576K
}
Event: 256.577 GC heap after
{Heap after GC invocations=68 (full 0):
 garbage-first heap   total 1212416K, used 408213K [0x0000000680000000, 0x0000000800000000)
  region size 4096K, 4 young (16384K), 4 survivors (16384K)
 Metaspace       used 252455K, committed 255744K, reserved 1310720K
  class space    used 32090K, committed 33728K, reserved 1048576K
}
Event: 258.606 GC heap before
{Heap before GC invocations=69 (full 0):
 garbage-first heap   total 1212416K, used 449173K [0x0000000680000000, 0x0000000800000000)
  region size 4096K, 14 young (57344K), 4 survivors (16384K)
 Metaspace       used 255676K, committed 258944K, reserved 1310720K
  class space    used 32268K, committed 33920K, reserved 1048576K
}
Event: 258.645 GC heap after
{Heap after GC invocations=70 (full 0):
 garbage-first heap   total 1212416K, used 412471K [0x0000000680000000, 0x0000000800000000)
  region size 4096K, 2 young (8192K), 2 survivors (8192K)
 Metaspace       used 255676K, committed 258944K, reserved 1310720K
  class space    used 32268K, committed 33920K, reserved 1048576K
}
Event: 265.524 GC heap before
{Heap before GC invocations=70 (full 0):
 garbage-first heap   total 1212416K, used 817975K [0x0000000680000000, 0x0000000800000000)
  region size 4096K, 99 young (405504K), 2 survivors (8192K)
 Metaspace       used 268548K, committed 271936K, reserved 1310720K
  class space    used 34191K, committed 35904K, reserved 1048576K
}

