# JRE version: OpenJDK Runtime Environment (21.0.5) (build 21.0.5+-13047016-b750.29)
# Java VM: OpenJDK 64-Bit Server VM (21.0.5+-13047016-b750.29, mixed mode, tiered, compressed oops, compressed class ptrs, g1 gc, windows-amd64)
GC Precious Log:
 CardTable entry size: 512
 Card Set container configuration: InlinePtr #cards 5 size 8 Array Of Cards #cards 12 size 40 Howl #buckets 4 coarsen threshold 1843 Howl Bitmap #cards 512 size 80 coarsen threshold 460 Card regions per heap region 1 cards per card region 2048
 CPUs: 16 total, 16 available
 Memory: 7598M
 Large Page Support: Disabled
 NUMA Support: Disabled
 Compressed Oops: Enabled (32-bit)
 Heap Region Size: 1M
 Heap Min Capacity: 8M
 Heap Initial Capacity: 120M
 Heap Max Capacity: 2G
 Pre-touch: Disabled
 Parallel Workers: 13
 Concurrent Workers: 3
 Concurrent Refinement Workers: 13
 Periodic GC: Disabled
Heap:
 garbage-first heap   total 111616K, used 47235K [0x0000000080000000, 0x0000000100000000)
  region size 1024K, 11 young (11264K), 6 survivors (6144K)
 Metaspace       used 35877K, committed 36800K, reserved 1114112K
  class space    used 4828K, committed 5312K, reserved 1048576K
GC Heap History (14 events):
Event: 2.695 GC heap before
{Heap before GC invocations=0 (full 0):
 garbage-first heap   total 122880K, used 22528K [0x0000000080000000, 0x0000000100000000)
  region size 1024K, 23 young (23552K), 0 survivors (0K)
 Metaspace       used 8013K, committed 8128K, reserved 1114112K
  class space    used 712K, committed 768K, reserved 1048576K
}
Event: 2.738 GC heap after
{Heap after GC invocations=1 (full 0):
 garbage-first heap   total 122880K, used 3811K [0x0000000080000000, 0x0000000100000000)
  region size 1024K, 3 young (3072K), 3 survivors (3072K)
 Metaspace       used 8013K, committed 8128K, reserved 1114112K
  class space    used 712K, committed 768K, reserved 1048576K
}
Event: 5.833 GC heap before
{Heap before GC invocations=1 (full 0):
 garbage-first heap   total 122880K, used 33507K [0x0000000080000000, 0x0000000100000000)
  region size 1024K, 30 young (30720K), 3 survivors (3072K)
 Metaspace       used 12202K, committed 12416K, reserved 1114112K
  class space    used 1278K, committed 1408K, reserved 1048576K
}
Event: 5.859 GC heap after
{Heap after GC invocations=2 (full 0):
 garbage-first heap   total 122880K, used 10930K [0x0000000080000000, 0x0000000100000000)
  region size 1024K, 4 young (4096K), 4 survivors (4096K)
 Metaspace       used 12202K, committed 12416K, reserved 1114112K
  class space    used 1278K, committed 1408K, reserved 1048576K
}
Event: 7.106 GC heap before
{Heap before GC invocations=2 (full 0):
 garbage-first heap   total 122880K, used 41650K [0x0000000080000000, 0x0000000100000000)
  region size 1024K, 34 young (34816K), 4 survivors (4096K)
 Metaspace       used 12250K, committed 12416K, reserved 1114112K
  class space    used 1279K, committed 1408K, reserved 1048576K
}
Event: 7.121 GC heap after
{Heap after GC invocations=3 (full 0):
 garbage-first heap   total 122880K, used 12416K [0x0000000080000000, 0x0000000100000000)
  region size 1024K, 1 young (1024K), 1 survivors (1024K)
 Metaspace       used 12250K, committed 12416K, reserved 1114112K
  class space    used 1279K, committed 1408K, reserved 1048576K
}
Event: 12.852 GC heap before
{Heap before GC invocations=3 (full 0):
 garbage-first heap   total 122880K, used 61568K [0x0000000080000000, 0x0000000100000000)
  region size 1024K, 48 young (49152K), 1 survivors (1024K)
 Metaspace       used 21241K, committed 21504K, reserved 1114112K
  class space    used 2421K, committed 2560K, reserved 1048576K
}
Event: 12.863 GC heap after
{Heap after GC invocations=4 (full 0):
 garbage-first heap   total 122880K, used 20953K [0x0000000080000000, 0x0000000100000000)
  region size 1024K, 9 young (9216K), 9 survivors (9216K)
 Metaspace       used 21241K, committed 21504K, reserved 1114112K
  class space    used 2421K, committed 2560K, reserved 1048576K
}
Event: 22.778 GC heap before
{Heap before GC invocations=5 (full 0):
 garbage-first heap   total 75776K, used 73177K [0x0000000080000000, 0x0000000100000000)
  region size 1024K, 61 young (62464K), 9 survivors (9216K)
 Metaspace       used 29967K, committed 30528K, reserved 1114112K
  class space    used 3816K, committed 4096K, reserved 1048576K
}
Event: 23.068 GC heap after
{Heap after GC invocations=6 (full 0):
 garbage-first heap   total 88064K, used 23977K [0x0000000080000000, 0x0000000100000000)
  region size 1024K, 4 young (4096K), 4 survivors (4096K)
 Metaspace       used 29967K, committed 30528K, reserved 1114112K
  class space    used 3816K, committed 4096K, reserved 1048576K
}
Event: 28.342 GC heap before
{Heap before GC invocations=6 (full 0):
 garbage-first heap   total 88064K, used 69033K [0x0000000080000000, 0x0000000100000000)
  region size 1024K, 43 young (44032K), 4 survivors (4096K)
 Metaspace       used 35099K, committed 35968K, reserved 1114112K
  class space    used 4694K, committed 5120K, reserved 1048576K
}
Event: 28.350 GC heap after
{Heap after GC invocations=7 (full 0):
 garbage-first heap   total 111616K, used 33210K [0x0000000080000000, 0x0000000100000000)
  region size 1024K, 6 young (6144K), 6 survivors (6144K)
 Metaspace       used 35099K, committed 35968K, reserved 1114112K
  class space    used 4694K, committed 5120K, reserved 1048576K
}
Event: 29.403 GC heap before
{Heap before GC invocations=7 (full 0):
 garbage-first heap   total 111616K, used 43450K [0x0000000080000000, 0x0000000100000000)
  region size 1024K, 12 young (12288K), 6 survivors (6144K)
 Metaspace       used 35430K, committed 36288K, reserved 1114112K
  class space    used 4747K, committed 5184K, reserved 1048576K
}
Event: 29.448 GC heap after
{Heap after GC invocations=8 (full 0):
 garbage-first heap   total 111616K, used 42115K [0x0000000080000000, 0x0000000100000000)
  region size 1024K, 6 young (6144K), 6 survivors (6144K)
 Metaspace       used 35430K, committed 36288K, reserved 1114112K
  class space    used 4747K, committed 5184K, reserved 1048576K
}

